<?xml version="1.0" encoding="UTF-8"?>
<!-- Generated by org.testng.reporters.JUnitReportReporter -->
<testsuite skipped="0" hostname="LAPTOP-83QAGQ3A" name="DriverFactory.DataDrivenScript" tests="1" failures="0" timestamp="28 Jun 2021 09:32:06 GMT" time="49.732" errors="0">
  <testcase name="addSupplier" time="49.732" classname="DriverFactory.DataDrivenScript"/>
</testsuite> <!-- DriverFactory.DataDrivenScript -->
