<?xml version="1.0" encoding="UTF-8"?>
<!-- Generated by org.testng.reporters.JUnitReportReporter -->
<testsuite skipped="0" hostname="LAPTOP-83QAGQ3A" name="DriverFactory.AppTest" tests="1" failures="0" timestamp="28 Jun 2021 09:32:06 GMT" time="95.121" errors="0">
  <testcase name="kickStart" time="95.121" classname="DriverFactory.AppTest"/>
</testsuite> <!-- DriverFactory.AppTest -->
